Using pre-set license
Built from '2022.1/staging' branch; Version is '2022.1.14f1 (ff7e140968b4) revision 16743956'; Using compiler version '192829333'; Build Type 'Release'
OS: 'Windows 10  (10.0.19045) 64bit Core' Language: 'en' Physical Memory: 16381 MB
BatchMode: 1, IsHumanControllingUs: 0, StartBugReporterOnCrash: 0, Is64bit: 1, IsPro: 1

COMMAND LINE ARGUMENTS:
C:\Program Files\Unity\Hub\Editor\2022.1.14f1\Editor\Unity.exe
-adb2
-batchMode
-noUpm
-name
AssetImportWorker4
-projectPath
C:/Users/Ianh5/Documents/GitHub/NiGHTS-Open-Dreams
-logFile
Logs/AssetImportWorker4.log
-srvPort
50594
Successfully changed project path to: C:/Users/Ianh5/Documents/GitHub/NiGHTS-Open-Dreams
C:/Users/Ianh5/Documents/GitHub/NiGHTS-Open-Dreams
[UnityMemory] Configuration Parameters - Can be set up in boot.config
    "memorysetup-bucket-allocator-granularity=16"
    "memorysetup-bucket-allocator-bucket-count=8"
    "memorysetup-bucket-allocator-block-size=33554432"
    "memorysetup-bucket-allocator-block-count=8"
    "memorysetup-main-allocator-block-size=16777216"
    "memorysetup-thread-allocator-block-size=16777216"
    "memorysetup-gfx-main-allocator-block-size=16777216"
    "memorysetup-gfx-thread-allocator-block-size=16777216"
    "memorysetup-cache-allocator-block-size=4194304"
    "memorysetup-typetree-allocator-block-size=2097152"
    "memorysetup-profiler-bucket-allocator-granularity=16"
    "memorysetup-profiler-bucket-allocator-bucket-count=8"
    "memorysetup-profiler-bucket-allocator-block-size=33554432"
    "memorysetup-profiler-bucket-allocator-block-count=8"
    "memorysetup-profiler-allocator-block-size=16777216"
    "memorysetup-profiler-editor-allocator-block-size=1048576"
    "memorysetup-temp-allocator-size-main=16777216"
    "memorysetup-job-temp-allocator-block-size=2097152"
    "memorysetup-job-temp-allocator-block-size-background=1048576"
    "memorysetup-job-temp-allocator-reduction-small-platforms=262144"
    "memorysetup-temp-allocator-size-background-worker=32768"
    "memorysetup-temp-allocator-size-job-worker=262144"
    "memorysetup-temp-allocator-size-preload-manager=33554432"
    "memorysetup-temp-allocator-size-nav-mesh-worker=65536"
    "memorysetup-temp-allocator-size-audio-worker=65536"
    "memorysetup-temp-allocator-size-cloud-worker=32768"
    "memorysetup-temp-allocator-size-gi-baking-worker=262144"
    "memorysetup-temp-allocator-size-gfx=262144"
Refreshing native plugins compatible for Editor in 827.99 ms, found 3 plugins.
Preloading 0 native plugins for Editor in 0.00 ms.
Initialize engine version: 2022.1.14f1 (ff7e140968b4)
[Subsystems] Discovering subsystems at path C:/Program Files/Unity/Hub/Editor/2022.1.14f1/Editor/Data/Resources/UnitySubsystems
[Subsystems] Discovering subsystems at path C:/Users/Ianh5/Documents/GitHub/NiGHTS-Open-Dreams/Assets
GfxDevice: creating device client; threaded=0; jobified=0
Direct3D:
    Version:  Direct3D 11.0 [level 11.1]
    Renderer: NVIDIA GeForce GTX 1050 Ti (ID=0x1c82)
    Vendor:   NVIDIA
    VRAM:     4018 MB
    Driver:   31.0.15.1694
Shader 'Digger/URP/Terrain/Lit': dependency 'BaseMapShader' shader 'Digger/URP/Terrain/Lit (Base Pass)' not found
Initialize mono
Mono path[0] = 'C:/Program Files/Unity/Hub/Editor/2022.1.14f1/Editor/Data/Managed'
Mono path[1] = 'C:/Program Files/Unity/Hub/Editor/2022.1.14f1/Editor/Data/MonoBleedingEdge/lib/mono/unityjit-win32'
Mono config path = 'C:/Program Files/Unity/Hub/Editor/2022.1.14f1/Editor/Data/MonoBleedingEdge/etc'
Using monoOptions --debugger-agent=transport=dt_socket,embedding=1,server=y,suspend=n,address=127.0.0.1:56108
Begin MonoManager ReloadAssembly
Registering precompiled unity dll's ...
Register platform support module: C:/Program Files/Unity/Hub/Editor/2022.1.14f1/Editor/Data/PlaybackEngines/WindowsStandaloneSupport/UnityEditor.WindowsStandalone.Extensions.dll
Registered in 0.039058 seconds.
Native extension for WindowsStandalone target not found
Refreshing native plugins compatible for Editor in 405.47 ms, found 3 plugins.
Preloading 0 native plugins for Editor in 0.00 ms.
Mono: successfully reloaded assembly
- Completed reload, in  2.408 seconds
Domain Reload Profiling:
	ReloadAssembly (2409ms)
		BeginReloadAssembly (300ms)
			ExecutionOrderSort (0ms)
			DisableScriptedObjects (0ms)
			BackupInstance (0ms)
			ReleaseScriptingObjects (0ms)
			CreateAndSetChildDomain (4ms)
		EndReloadAssembly (1577ms)
			LoadAssemblies (287ms)
			RebuildTransferFunctionScriptingTraits (0ms)
			SetupTypeCache (467ms)
				TypeCache.Initialize (465ms)
					TypeCache.ScanAssembly (461ms)
				ResolveRequiredComponents (2ms)
			ReleaseScriptCaches (0ms)
			RebuildScriptCaches (75ms)
			SetupLoadedEditorAssemblies (902ms)
				LogAssemblyErrors (0ms)
				InitializePlatformSupportModulesInManaged (18ms)
				SetLoadedEditorAssemblies (17ms)
				RefreshPlugins (406ms)
				BeforeProcessingInitializeOnLoad (2ms)
				ProcessInitializeOnLoadAttributes (343ms)
				ProcessInitializeOnLoadMethodAttributes (115ms)
				AfterProcessingInitializeOnLoad (0ms)
				EditorAssembliesLoaded (0ms)
			ExecutionOrderSort2 (0ms)
			AwakeInstancesAfterBackupRestoration (0ms)
Platform modules already initialized, skipping
Registering precompiled user dll's ...
Registered in 0.023092 seconds.
Begin MonoManager ReloadAssembly
Symbol file LoadedFromMemory doesn't match image C:\Users\Ianh5\Documents\GitHub\NiGHTS-Open-Dreams\Library\PackageCache\com.unity.visualscripting@1.7.8\Editor\VisualScripting.Core\Dependencies\YamlDotNet\Unity.VisualScripting.YamlDotNet.dll
Symbol file LoadedFromMemory doesn't match image C:\Users\Ianh5\Documents\GitHub\NiGHTS-Open-Dreams\Library\PackageCache\com.unity.visualscripting@1.7.8\Editor\VisualScripting.Core\Dependencies\DotNetZip\Unity.VisualScripting.IonicZip.dll
OnLevelWasLoaded was found on VideoFade
This message has been deprecated and will be removed in a later version of Unity.
Add a delegate to SceneManager.sceneLoaded instead to get notifications after scene loading has completed
OnLevelWasLoaded was found on SceneFade
This message has been deprecated and will be removed in a later version of Unity.
Add a delegate to SceneManager.sceneLoaded instead to get notifications after scene loading has completed
Native extension for WindowsStandalone target not found
Refreshing native plugins compatible for Editor in 507.27 ms, found 3 plugins.
Preloading 0 native plugins for Editor in 0.00 ms.
NullReferenceException: Object reference not set to an instance of an object
  at UnityEngine.JsonUtility.FromJson[T] (System.String json) [0x00011] in <3988ce76554c4635956c7bc1fc79ee4b>:0 
  at UnityEditor.StateCache`1[T].GetState (UnityEngine.Hash128 key, T defaultValue) [0x00067] in <f90799373c314538a0c910377078306d>:0 
  at UnityEditor.Tools.OnEnable () [0x0004b] in <f90799373c314538a0c910377078306d>:0 
UnityEngine.ScriptableObject:CreateScriptableObjectInstanceFromType(Type, Boolean)
UnityEngine.ScriptableObject:CreateInstance(Type)
UnityEngine.ScriptableObject:CreateInstance()
UnityEditor.Tools:get_get()
UnityEditor.Tools:get_visibleLayers()
UnityEditor.Animations.Rigging.BoneRendererUtils:.cctor() (at Library\PackageCache\com.unity.animation.rigging@1.1.1\Editor\Utils\BoneRendererUtils.cs:121)
System.Runtime.CompilerServices.RuntimeHelpers:RunClassConstructor(IntPtr)
System.Runtime.CompilerServices.RuntimeHelpers:RunClassConstructor(RuntimeTypeHandle)
UnityEditor.EditorAssemblies:ProcessInitializeOnLoadAttributes(Type[])

Mono: successfully reloaded assembly
- Completed reload, in  8.910 seconds
Domain Reload Profiling:
	ReloadAssembly (8912ms)
		BeginReloadAssembly (417ms)
			ExecutionOrderSort (0ms)
			DisableScriptedObjects (16ms)
			BackupInstance (0ms)
			ReleaseScriptingObjects (0ms)
			CreateAndSetChildDomain (69ms)
		EndReloadAssembly (7547ms)
			LoadAssemblies (2727ms)
			RebuildTransferFunctionScriptingTraits (1ms)
			SetupTypeCache (1160ms)
				TypeCache.Initialize (1108ms)
					TypeCache.ScanAssembly (1094ms)
				ResolveRequiredComponents (52ms)
			ReleaseScriptCaches (2ms)
			RebuildScriptCaches (291ms)
			SetupLoadedEditorAssemblies (3196ms)
				LogAssemblyErrors (0ms)
				InitializePlatformSupportModulesInManaged (14ms)
				SetLoadedEditorAssemblies (22ms)
				RefreshPlugins (507ms)
				BeforeProcessingInitializeOnLoad (427ms)
				ProcessInitializeOnLoadAttributes (1947ms)
				ProcessInitializeOnLoadMethodAttributes (252ms)
				AfterProcessingInitializeOnLoad (24ms)
				EditorAssembliesLoaded (1ms)
			ExecutionOrderSort2 (0ms)
			AwakeInstancesAfterBackupRestoration (15ms)
Platform modules already initialized, skipping
========================================================================
Worker process is ready to serve import requests
Shader 'Digger/HDRP/Terrain/Lit': dependency 'BaseMapShader' shader 'Hidden/HDRP/TerrainLit_Basemap' not found
Shader 'Digger/HDRP/Terrain/Lit': dependency 'BaseMapGenShader' shader 'Hidden/HDRP/TerrainLit_BasemapGen' not found
Shader 'Digger/HDRP/Mesh/Lit': dependency 'BaseMapShader' shader 'Hidden/HDRP/TerrainLit_Basemap' not found
Shader 'Digger/HDRP/Mesh/Lit': dependency 'BaseMapGenShader' shader 'Hidden/HDRP/TerrainLit_BasemapGen' not found
Shader 'Digger/URP/Terrain/Lit': dependency 'BaseMapShader' shader 'Digger/URP/Terrain/Lit (Base Pass)' not found
Shader 'Digger/HDRP/Terrain/Lit': dependency 'BaseMapShader' shader 'Hidden/HDRP/TerrainLit_Basemap' not found
Shader 'Digger/HDRP/Terrain/Lit': dependency 'BaseMapGenShader' shader 'Hidden/HDRP/TerrainLit_BasemapGen' not found
Shader 'Digger/HDRP/Mesh/Lit': dependency 'BaseMapShader' shader 'Hidden/HDRP/TerrainLit_Basemap' not found
Shader 'Digger/HDRP/Mesh/Lit': dependency 'BaseMapGenShader' shader 'Hidden/HDRP/TerrainLit_BasemapGen' not found
Launched and connected shader compiler UnityShaderCompiler.exe after 0.23 seconds
Refreshing native plugins compatible for Editor in 3.46 ms, found 3 plugins.
Preloading 0 native plugins for Editor in 0.00 ms.
Unloading 6559 Unused Serialized files (Serialized files now loaded: 0)
Unloading 54 unused Assets / (4.1 MB). Loaded Objects now: 7072.
Memory consumption went from 1.16 GB to 1.15 GB.
Total: 10.209800 ms (FindLiveObjects: 1.124000 ms CreateObjectMapping: 0.511000 ms MarkObjects: 6.132600 ms  DeleteObjects: 2.439900 ms)

AssetImportParameters requested are different than current active one (requested -> active):
  custom:video-decoder-ogg-theora: a1e56fd34408186e4bbccfd4996cb3dc -> 
  custom:container-muxer-webm: aa71ff27fc2769a1b78a27578f13a17b -> 
  custom:container-demuxer-webm: 4f35f7cbe854078d1ac9338744f61a02 -> 
  custom:video-encoder-webm-vp8: eb34c28f22e8b96e1ab97ce403110664 -> 
  custom:audio-encoder-webm-vorbis: bf7c407c2cedff20999df2af8eb42d56 -> 
  custom:framework-win-MediaFoundation: 216162199b28c13a410421893ffa2e32 -> 
  custom:container-demuxer-ogg: 62fdf1f143b41e24485cea50d1cbac27 -> 
  custom:video-decoder-webm-vp8: 9c59270c3fd7afecdb556c50c9e8de78 -> 
  custom:audio-decoder-ogg-vorbis: bf7c407c2cedff20999df2af8eb42d56 -> 
========================================================================
Received Import Request.
  Time since last request: 20015.299707 seconds.
  path: Assets/TerrainData_5b0e000a-638a-4e1c-a7dd-5409a254ec01.asset
  artifactKey: Guid(69cab8758a295cf4cb2b1b244425bd90) Importer(815301076,1909f56bfc062723c751e8b465ee728b)
Start importing Assets/TerrainData_5b0e000a-638a-4e1c-a7dd-5409a254ec01.asset using Guid(69cab8758a295cf4cb2b1b244425bd90) Importer(815301076,1909f56bfc062723c751e8b465ee728b)  -> (artifact id: 'a1f612d355a73a90b9f50f739151fb45') in 0.422032 seconds 
========================================================================
Received Import Request.
  Time since last request: 0.008143 seconds.
  path: Assets/TerrainData_37aa8763-6275-4f93-a36a-a08d7275c28e.asset
  artifactKey: Guid(513f91c2d91d5664dbc36e554a7006cf) Importer(815301076,1909f56bfc062723c751e8b465ee728b)
Start importing Assets/TerrainData_37aa8763-6275-4f93-a36a-a08d7275c28e.asset using Guid(513f91c2d91d5664dbc36e554a7006cf) Importer(815301076,1909f56bfc062723c751e8b465ee728b)  -> (artifact id: 'b604624ec7c8ddb11843481d74476875') in 0.149764 seconds 
========================================================================
Received Import Request.
  Time since last request: 0.000034 seconds.
  path: Assets/TerrainData_9bfddb24-6890-4ccf-8270-1649a77dd69f.asset
  artifactKey: Guid(451f459d512ccfa4db40d9066b684d83) Importer(815301076,1909f56bfc062723c751e8b465ee728b)
Start importing Assets/TerrainData_9bfddb24-6890-4ccf-8270-1649a77dd69f.asset using Guid(451f459d512ccfa4db40d9066b684d83) Importer(815301076,1909f56bfc062723c751e8b465ee728b)  -> (artifact id: 'd660a83a82724847e7c4624d41120fb0') in 0.125535 seconds 
========================================================================
Received Import Request.
  Time since last request: 0.000038 seconds.
  path: Assets/InputSystem.inputsettings.asset
  artifactKey: Guid(55ed53f6b0729794b8fe07be795db644) Importer(815301076,1909f56bfc062723c751e8b465ee728b)
Start importing Assets/InputSystem.inputsettings.asset using Guid(55ed53f6b0729794b8fe07be795db644) Importer(815301076,1909f56bfc062723c751e8b465ee728b)  -> (artifact id: 'd21ccee8c4a023323e35ed2097a6f6a8') in 0.047721 seconds 
========================================================================
Received Import Request.
  Time since last request: 0.000051 seconds.
  path: Assets/TerrainData_3f6012ea-a4ba-4e5b-95b6-deb0e1ae3a1e.asset
  artifactKey: Guid(b9f6b3dcee849dc4daf0d75e1620ac01) Importer(815301076,1909f56bfc062723c751e8b465ee728b)
Start importing Assets/TerrainData_3f6012ea-a4ba-4e5b-95b6-deb0e1ae3a1e.asset using Guid(b9f6b3dcee849dc4daf0d75e1620ac01) Importer(815301076,1909f56bfc062723c751e8b465ee728b)  -> (artifact id: 'c5c637157d18095750f2a3fb91cd3a9b') in 0.133867 seconds 
========================================================================
Received Import Request.
  Time since last request: 0.000037 seconds.
  path: Assets/TerrainData_5d7c4aaa-642d-4c92-ae82-2c9814255379.asset
  artifactKey: Guid(f3ab3963b7b102d46ab2c8e4e6e151f2) Importer(815301076,1909f56bfc062723c751e8b465ee728b)
Start importing Assets/TerrainData_5d7c4aaa-642d-4c92-ae82-2c9814255379.asset using Guid(f3ab3963b7b102d46ab2c8e4e6e151f2) Importer(815301076,1909f56bfc062723c751e8b465ee728b)  -> (artifact id: '48d737baca9421e992daf0c6c54c46f5') in 0.162108 seconds 
========================================================================
Received Import Request.
  Time since last request: 0.000050 seconds.
  path: Assets/TerrainData_5bf38f22-720e-46e7-bb65-c475f22881c3.asset
  artifactKey: Guid(714cb9248ef92904b96b933c292766d1) Importer(815301076,1909f56bfc062723c751e8b465ee728b)
Start importing Assets/TerrainData_5bf38f22-720e-46e7-bb65-c475f22881c3.asset using Guid(714cb9248ef92904b96b933c292766d1) Importer(815301076,1909f56bfc062723c751e8b465ee728b)  -> (artifact id: 'b825e7d16bb66e256341c50ae6ae6a3b') in 0.067337 seconds 
========================================================================
Received Import Request.
  Time since last request: 0.000051 seconds.
  path: Assets/Scenes
  artifactKey: Guid(7e3c076e661ab064aa99249bb1f213cb) Importer(815301076,1909f56bfc062723c751e8b465ee728b)
Start importing Assets/Scenes using Guid(7e3c076e661ab064aa99249bb1f213cb) Importer(815301076,1909f56bfc062723c751e8b465ee728b)  -> (artifact id: '027af0f69a22b068f7b0b9a2d944af7d') in 0.022026 seconds 
========================================================================
Received Import Request.
  Time since last request: 0.000036 seconds.
  path: Assets/TerrainData_2b4317c1-e6d8-4082-9746-9832bec5fcad.asset
  artifactKey: Guid(ef814c5513f8fad41a060ea91899b994) Importer(815301076,1909f56bfc062723c751e8b465ee728b)
Start importing Assets/TerrainData_2b4317c1-e6d8-4082-9746-9832bec5fcad.asset using Guid(ef814c5513f8fad41a060ea91899b994) Importer(815301076,1909f56bfc062723c751e8b465ee728b)  -> (artifact id: '49c94669a1f8e9970a62443c1d2cc854') in 0.128361 seconds 
========================================================================
Received Import Request.
  Time since last request: 0.000467 seconds.
  path: Assets/TerrainData_6c126ca4-245a-420a-a8d1-ad83a58dd503.asset
  artifactKey: Guid(8a73391883f7e3c48b3ccf0a95295041) Importer(815301076,1909f56bfc062723c751e8b465ee728b)
Start importing Assets/TerrainData_6c126ca4-245a-420a-a8d1-ad83a58dd503.asset using Guid(8a73391883f7e3c48b3ccf0a95295041) Importer(815301076,1909f56bfc062723c751e8b465ee728b)  -> (artifact id: '25a6d022a6ad3cf0d9228fc90423d513') in 0.076115 seconds 
========================================================================
Received Import Request.
  Time since last request: 0.000040 seconds.
  path: Assets/TerrainData_65c3fe57-528e-4387-8115-617d37076b79.asset
  artifactKey: Guid(3db5d035c40b8a74b97312d125991d27) Importer(815301076,1909f56bfc062723c751e8b465ee728b)
Start importing Assets/TerrainData_65c3fe57-528e-4387-8115-617d37076b79.asset using Guid(3db5d035c40b8a74b97312d125991d27) Importer(815301076,1909f56bfc062723c751e8b465ee728b)  -> (artifact id: '0f0f2ac482f5dcb14b8c9a2b9e3c9561') in 0.185292 seconds 
========================================================================
Received Import Request.
  Time since last request: 0.000052 seconds.
  path: Assets/TerrainData_3c7c8a79-9feb-43d8-815a-deae10ce7c14.asset
  artifactKey: Guid(91cf1f93f74232f4dab356e5fbe2cb3d) Importer(815301076,1909f56bfc062723c751e8b465ee728b)
Start importing Assets/TerrainData_3c7c8a79-9feb-43d8-815a-deae10ce7c14.asset using Guid(91cf1f93f74232f4dab356e5fbe2cb3d) Importer(815301076,1909f56bfc062723c751e8b465ee728b)  -> (artifact id: 'bbdf99ef26c7ed588cd55a4203627d09') in 0.122355 seconds 
========================================================================
Received Import Request.
  Time since last request: 0.000042 seconds.
  path: Assets/TerrainData_48ceebd9-2af9-46a6-91a9-1bbc24e24aed.asset
  artifactKey: Guid(2b714cd9bbde5fe47a5a2a88631e355d) Importer(815301076,1909f56bfc062723c751e8b465ee728b)
Start importing Assets/TerrainData_48ceebd9-2af9-46a6-91a9-1bbc24e24aed.asset using Guid(2b714cd9bbde5fe47a5a2a88631e355d) Importer(815301076,1909f56bfc062723c751e8b465ee728b)  -> (artifact id: '36bebb965eac6100bfdf9cfa26ceb7cd') in 0.165410 seconds 
========================================================================
Received Import Request.
  Time since last request: 0.000040 seconds.
  path: Assets/New Terrain 4.asset
  artifactKey: Guid(7acc4912ffd75db4fb95759e43cb646e) Importer(815301076,1909f56bfc062723c751e8b465ee728b)
Start importing Assets/New Terrain 4.asset using Guid(7acc4912ffd75db4fb95759e43cb646e) Importer(815301076,1909f56bfc062723c751e8b465ee728b) The tree tree02 must use the Nature/Soft Occlusion shader. Otherwise billboarding/lighting will not work correctly.
The tree tree03 must use the Nature/Soft Occlusion shader. Otherwise billboarding/lighting will not work correctly.
The tree tree04 must use the Nature/Soft Occlusion shader. Otherwise billboarding/lighting will not work correctly.
The tree bush04 must use the Nature/Soft Occlusion shader. Otherwise billboarding/lighting will not work correctly.
The tree bush05 must use the Nature/Soft Occlusion shader. Otherwise billboarding/lighting will not work correctly.
The tree bush06 must use the Nature/Soft Occlusion shader. Otherwise billboarding/lighting will not work correctly.
 -> (artifact id: '9f35bd2729b326032fca263464f21c45') in 0.653539 seconds 
========================================================================
Received Import Request.
  Time since last request: 0.000063 seconds.
  path: Assets/TerrainData_6df78b27-760c-49db-b08a-98612249ad61.asset
  artifactKey: Guid(c4e594431757fa446ace6efafebd07aa) Importer(815301076,1909f56bfc062723c751e8b465ee728b)
Start importing Assets/TerrainData_6df78b27-760c-49db-b08a-98612249ad61.asset using Guid(c4e594431757fa446ace6efafebd07aa) Importer(815301076,1909f56bfc062723c751e8b465ee728b)  -> (artifact id: 'c406be38d85f41c468298d4dd440f9b6') in 0.123642 seconds 
========================================================================
Received Import Request.
  Time since last request: 0.000037 seconds.
  path: Assets/TerrainData_0a73070b-2e50-4eea-8cd3-e7a8937c8f9f.asset
  artifactKey: Guid(e3ab43b58a5989b48a961aca03370a67) Importer(815301076,1909f56bfc062723c751e8b465ee728b)
Start importing Assets/TerrainData_0a73070b-2e50-4eea-8cd3-e7a8937c8f9f.asset using Guid(e3ab43b58a5989b48a961aca03370a67) Importer(815301076,1909f56bfc062723c751e8b465ee728b)  -> (artifact id: '6d443386cc1585db8dad14325055adc2') in 0.149707 seconds 
========================================================================
Received Import Request.
  Time since last request: 0.000041 seconds.
  path: Assets/TerrainData_2d152744-1a5f-4ed4-bed3-25a53c045574.asset
  artifactKey: Guid(9cf9e75b38e2cc447bc7e4326d368d1a) Importer(815301076,1909f56bfc062723c751e8b465ee728b)
Start importing Assets/TerrainData_2d152744-1a5f-4ed4-bed3-25a53c045574.asset using Guid(9cf9e75b38e2cc447bc7e4326d368d1a) Importer(815301076,1909f56bfc062723c751e8b465ee728b)  -> (artifact id: 'afce1a22d36ef0e5eb36d6225b11d0d6') in 0.172967 seconds 
========================================================================
Received Import Request.
  Time since last request: 0.000293 seconds.
  path: Assets/New Terrain 2.asset
  artifactKey: Guid(3cb2b84e00b314a44a7f6391b9e9a9ac) Importer(815301076,1909f56bfc062723c751e8b465ee728b)
Start importing Assets/New Terrain 2.asset using Guid(3cb2b84e00b314a44a7f6391b9e9a9ac) Importer(815301076,1909f56bfc062723c751e8b465ee728b)  -> (artifact id: '95cf7374d3e5a2ff0239305f2115f7c0') in 0.440833 seconds 
========================================================================
Received Import Request.
  Time since last request: 0.000042 seconds.
  path: Assets/New Terrain 6.asset
  artifactKey: Guid(906d13afcc9f16144b45f1d017570c65) Importer(815301076,1909f56bfc062723c751e8b465ee728b)
Start importing Assets/New Terrain 6.asset using Guid(906d13afcc9f16144b45f1d017570c65) Importer(815301076,1909f56bfc062723c751e8b465ee728b)  -> (artifact id: 'e7c5ef2fcb77703d860f8f48ead83c58') in 0.079621 seconds 
========================================================================
Received Import Request.
  Time since last request: 0.000045 seconds.
  path: Assets/Scenes/Growth.prefab
  artifactKey: Guid(fc1875755df0bbd41ad46ebff706e353) Importer(815301076,1909f56bfc062723c751e8b465ee728b)
Start importing Assets/Scenes/Growth.prefab using Guid(fc1875755df0bbd41ad46ebff706e353) Importer(815301076,1909f56bfc062723c751e8b465ee728b) Texture creation failed. 'None' is not supported for Render usage on this platform. Use 'SystemInfo.IsFormatSupported' C# API to check format support.
UnityEngine.StackTraceUtility:ExtractStackTrace ()
UnityEngine.DebugLogHandler:LogFormat (UnityEngine.LogType,UnityEngine.Object,string,object[])
UnityEngine.Logger:Log (UnityEngine.LogType,object,UnityEngine.Object)
UnityEngine.Debug:LogError (object,UnityEngine.Object)
UnityEngine.Texture:ValidateFormat (UnityEngine.Experimental.Rendering.GraphicsFormat,UnityEngine.Experimental.Rendering.FormatUsage)
UnityEngine.RenderTexture:.ctor (int,int,int,UnityEngine.Experimental.Rendering.GraphicsFormat,int)
UnityEngine.RenderTexture:.ctor (int,int,int,UnityEngine.Experimental.Rendering.GraphicsFormat)
UnityEngine.Rendering.RTHandleSystem:Alloc (int,int,int,UnityEngine.Rendering.DepthBits,UnityEngine.Experimental.Rendering.GraphicsFormat,UnityEngine.FilterMode,UnityEngine.TextureWrapMode,UnityEngine.Rendering.TextureDimension,bool,bool,bool,bool,int,single,UnityEngine.Rendering.MSAASamples,bool,bool,UnityEngine.RenderTextureMemoryless,UnityEngine.VRTextureUsage,string) (at Library/PackageCache/com.unity.render-pipelines.core@13.1.8/Runtime/Textures/RTHandleSystem.cs:490)
UnityEngine.Rendering.RTHandles:Alloc (UnityEngine.RenderTextureDescriptor&,UnityEngine.FilterMode,UnityEngine.TextureWrapMode,bool,int,single,string) (at Library/PackageCache/com.unity.render-pipelines.core@13.1.8/Runtime/Textures/RTHandles.cs:117)
UnityEngine.Rendering.Universal.RenderingUtils:ReAllocateIfNeeded (UnityEngine.Rendering.RTHandle&,UnityEngine.RenderTextureDescriptor&,UnityEngine.FilterMode,UnityEngine.TextureWrapMode,bool,int,single,string) (at Library/PackageCache/com.unity.render-pipelines.universal@13.1.8/Runtime/RenderingUtils.cs:570)
UnityEngine.Rendering.Universal.Internal.RenderTargetBufferSystem:ReAllocate (UnityEngine.Rendering.CommandBuffer) (at Library/PackageCache/com.unity.render-pipelines.universal@13.1.8/Runtime/RenderTargetBufferSystem.cs:82)
UnityEngine.Rendering.Universal.Internal.RenderTargetBufferSystem:GetFrontBuffer (UnityEngine.Rendering.CommandBuffer) (at Library/PackageCache/com.unity.render-pipelines.universal@13.1.8/Runtime/RenderTargetBufferSystem.cs:59)
UnityEngine.Rendering.Universal.UniversalRenderer:GetCameraColorFrontBuffer (UnityEngine.Rendering.CommandBuffer) (at Library/PackageCache/com.unity.render-pipelines.universal@13.1.8/Runtime/UniversalRenderer.cs:1256)
UnityEngine.Rendering.Universal.Internal.CopyColorPass:Execute (UnityEngine.Rendering.ScriptableRenderContext,UnityEngine.Rendering.Universal.RenderingData&) (at Library/PackageCache/com.unity.render-pipelines.universal@13.1.8/Runtime/Passes/CopyColorPass.cs:124)
UnityEngine.Rendering.Universal.ScriptableRenderer:ExecuteRenderPass (UnityEngine.Rendering.ScriptableRenderContext,UnityEngine.Rendering.Universal.ScriptableRenderPass,UnityEngine.Rendering.Universal.RenderingData&) (at Library/PackageCache/com.unity.render-pipelines.universal@13.1.8/Runtime/ScriptableRenderer.cs:1099)
UnityEngine.Rendering.Universal.ScriptableRenderer:ExecuteBlock (int,UnityEngine.Rendering.Universal.ScriptableRenderer/RenderBlocks&,UnityEngine.Rendering.ScriptableRenderContext,UnityEngine.Rendering.Universal.RenderingData&,bool) (at Library/PackageCache/com.unity.render-pipelines.universal@13.1.8/Runtime/ScriptableRenderer.cs:1058)
UnityEngine.Rendering.Universal.ScriptableRenderer:Execute (UnityEngine.Rendering.ScriptableRenderContext,UnityEngine.Rendering.Universal.RenderingData&) (at Library/PackageCache/com.unity.render-pipelines.universal@13.1.8/Runtime/ScriptableRenderer.cs:843)
UnityEngine.Rendering.Universal.UniversalRenderPipeline:RenderSingleCamera (UnityEngine.Rendering.ScriptableRenderContext,UnityEngine.Rendering.Universal.CameraData,bool) (at Library/PackageCache/com.unity.render-pipelines.universal@13.1.8/Runtime/UniversalRenderPipeline.cs:432)
UnityEngine.Rendering.Universal.UniversalRenderPipeline:RenderSingleCamera (UnityEngine.Rendering.ScriptableRenderContext,UnityEngine.Camera) (at Library/PackageCache/com.unity.render-pipelines.universal@13.1.8/Runtime/UniversalRenderPipeline.cs:338)
UnityEngine.Rendering.Universal.UniversalRenderPipeline:Render (UnityEngine.Rendering.ScriptableRenderContext,System.Collections.Generic.List`1<UnityEngine.Camera>) (at Library/PackageCache/com.unity.render-pipelines.universal@13.1.8/Runtime/UniversalRenderPipeline.cs:293)
UnityEngine.Rendering.RenderPipeline:InternalRender (UnityEngine.Rendering.ScriptableRenderContext,System.Collections.Generic.List`1<UnityEngine.Camera>)
UnityEngine.Rendering.RenderPipelineManager:DoRenderLoop_Internal (UnityEngine.Rendering.RenderPipelineAsset,intptr,System.Collections.Generic.List`1<UnityEngine.Camera/RenderRequest>,Unity.Collections.LowLevel.Unsafe.AtomicSafetyHandle)
UnityEditor.PreviewRenderUtility:Render (bool,bool)
UnityEditor.GameObjectInspector:DoRenderPreview (UnityEditor.GameObjectInspector/PreviewData)
UnityEditor.GameObjectInspector:RenderStaticPreview (string,UnityEngine.Object[],int,int)
UnityEditor.AssetPreviewUpdater:CreatePreview (UnityEngine.Object,UnityEngine.Object[],string,int,int)
UnityEditor.AssetPreviewUpdater:CreatePreviewForAsset (UnityEngine.Object,UnityEngine.Object[],string)

(Filename: Library/PackageCache/com.unity.render-pipelines.core@13.1.8/Runtime/Textures/RTHandleSystem.cs Line: 490)

NullReferenceException
  at (wrapper managed-to-native) UnityEngine.Object.set_hideFlags(UnityEngine.Object,UnityEngine.HideFlags)
  at UnityEngine.Rendering.RTHandleSystem.Alloc (System.Int32 width, System.Int32 height, System.Int32 slices, UnityEngine.Rendering.DepthBits depthBufferBits, UnityEngine.Experimental.Rendering.GraphicsFormat colorFormat, UnityEngine.FilterMode filterMode, UnityEngine.TextureWrapMode wrapMode, UnityEngine.Rendering.TextureDimension dimension, System.Boolean enableRandomWrite, System.Boolean useMipMap, System.Boolean autoGenerateMips, System.Boolean isShadowMap, System.Int32 anisoLevel, System.Single mipMapBias, UnityEngine.Rendering.MSAASamples msaaSamples, System.Boolean bindTextureMS, System.Boolean useDynamicScale, UnityEngine.RenderTextureMemoryless memoryless, UnityEngine.VRTextureUsage vrUsage, System.String name) [0x000d6] in C:\Users\Ianh5\Documents\GitHub\NiGHTS-Open-Dreams\Library\PackageCache\com.unity.render-pipelines.core@13.1.8\Runtime\Textures\RTHandleSystem.cs:490 
  at UnityEngine.Rendering.RTHandles.Alloc (UnityEngine.RenderTextureDescriptor& descriptor, UnityEngine.FilterMode filterMode, UnityEngine.TextureWrapMode wrapMode, System.Boolean isShadowMap, System.Int32 anisoLevel, System.Single mipMapBias, System.String name) [0x00000] in C:\Users\Ianh5\Documents\GitHub\NiGHTS-Open-Dreams\Library\PackageCache\com.unity.render-pipelines.core@13.1.8\Runtime\Textures\RTHandles.cs:117 
  at UnityEngine.Rendering.Universal.RenderingUtils.ReAllocateIfNeeded (UnityEngine.Rendering.RTHandle& handle, UnityEngine.RenderTextureDescriptor& descriptor, UnityEngine.FilterMode filterMode, UnityEngine.TextureWrapMode wrapMode, System.Boolean isShadowMap, System.Int32 anisoLevel, System.Single mipMapBias, System.String name) [0x00022] in C:\Users\Ianh5\Documents\GitHub\NiGHTS-Open-Dreams\Library\PackageCache\com.unity.render-pipelines.universal@13.1.8\Runtime\RenderingUtils.cs:570 
  at UnityEngine.Rendering.Universal.Internal.RenderTargetBufferSystem.ReAllocate (UnityEngine.Rendering.CommandBuffer cmd) [0x0009e] in C:\Users\Ianh5\Documents\GitHub\NiGHTS-Open-Dreams\Library\PackageCache\com.unity.render-pipelines.universal@13.1.8\Runtime\RenderTargetBufferSystem.cs:82 
  at UnityEngine.Rendering.Universal.Internal.RenderTargetBufferSystem.GetFrontBuffer (UnityEngine.Rendering.CommandBuffer cmd) [0x00022] in C:\Users\Ianh5\Documents\GitHub\NiGHTS-Open-Dreams\Library\PackageCache\com.unity.render-pipelines.universal@13.1.8\Runtime\RenderTargetBufferSystem.cs:59 
  at UnityEngine.Rendering.Universal.UniversalRenderer.GetCameraColorFrontBuffer (UnityEngine.Rendering.CommandBuffer cmd) [0x00000] in C:\Users\Ianh5\Documents\GitHub\NiGHTS-Open-Dreams\Library\PackageCache\com.unity.render-pipelines.universal@13.1.8\Runtime\UniversalRenderer.cs:1256 
  at UnityEngine.Rendering.Universal.Internal.CopyColorPass.Execute (UnityEngine.Rendering.ScriptableRenderContext context, UnityEngine.Rendering.Universal.RenderingData& renderingData) [0x0003c] in C:\Users\Ianh5\Documents\GitHub\NiGHTS-Open-Dreams\Library\PackageCache\com.unity.render-pipelines.universal@13.1.8\Runtime\Passes\CopyColorPass.cs:124 
  at UnityEngine.Rendering.Universal.ScriptableRenderer.ExecuteRenderPass (UnityEngine.Rendering.ScriptableRenderContext context, UnityEngine.Rendering.Universal.ScriptableRenderPass renderPass, UnityEngine.Rendering.Universal.RenderingData& renderingData) [0x0009e] in C:\Users\Ianh5\Documents\GitHub\NiGHTS-Open-Dreams\Library\PackageCache\com.unity.render-pipelines.universal@13.1.8\Runtime\ScriptableRenderer.cs:1099 
  at UnityEngine.Rendering.Universal.ScriptableRenderer.ExecuteBlock (System.Int32 blockIndex, UnityEngine.Rendering.Universal.ScriptableRenderer+RenderBlocks& renderBlocks, UnityEngine.Rendering.ScriptableRenderContext context, UnityEngine.Rendering.Universal.RenderingData& renderingData, System.Boolean submit) [0x00030] in C:\Users\Ianh5\Documents\GitHub\NiGHTS-Open-Dreams\Library\PackageCache\com.unity.render-pipelines.universal@13.1.8\Runtime\ScriptableRenderer.cs:1058 
  at UnityEngine.Rendering.Universal.ScriptableRenderer.Execute (UnityEngine.Rendering.ScriptableRenderContext context, UnityEngine.Rendering.Universal.RenderingData& renderingData) [0x0023c] in C:\Users\Ianh5\Documents\GitHub\NiGHTS-Open-Dreams\Library\PackageCache\com.unity.render-pipelines.universal@13.1.8\Runtime\ScriptableRenderer.cs:843 
  at UnityEngine.Rendering.Universal.UniversalRenderPipeline.RenderSingleCamera (UnityEngine.Rendering.ScriptableRenderContext context, UnityEngine.Rendering.Universal.CameraData cameraData, System.Boolean anyPostProcessingEnabled) [0x0014d] in C:\Users\Ianh5\Documents\GitHub\NiGHTS-Open-Dreams\Library\PackageCache\com.unity.render-pipelines.universal@13.1.8\Runtime\UniversalRenderPipeline.cs:432 
  at UnityEngine.Rendering.Universal.UniversalRenderPipeline.RenderSingleCamera (UnityEngine.Rendering.ScriptableRenderContext context, UnityEngine.Camera camera) [0x0003e] in C:\Users\Ianh5\Documents\GitHub\NiGHTS-Open-Dreams\Library\PackageCache\com.unity.render-pipelines.universal@13.1.8\Runtime\UniversalRenderPipeline.cs:338 
  at UnityEngine.Rendering.Universal.UniversalRenderPipeline.Render (UnityEngine.Rendering.ScriptableRenderContext renderContext, System.Collections.Generic.List`1[T] cameras) [0x00101] in C:\Users\Ianh5\Documents\GitHub\NiGHTS-Open-Dreams\Library\PackageCache\com.unity.render-pipelines.universal@13.1.8\Runtime\UniversalRenderPipeline.cs:293 
  at UnityEngine.Rendering.RenderPipeline.InternalRender (UnityEngine.Rendering.ScriptableRenderContext context, System.Collections.Generic.List`1[T] cameras) [0x0001c] in <790a43858b4b404fbe02a2b7b4a0d9d6>:0 
  at UnityEngine.Rendering.RenderPipelineManager.DoRenderLoop_Internal (UnityEngine.Rendering.RenderPipelineAsset pipe, System.IntPtr loopPtr, System.Collections.Generic.List`1[T] renderRequests, Unity.Collections.LowLevel.Unsafe.AtomicSafetyHandle safety) [0x00044] in <790a43858b4b404fbe02a2b7b4a0d9d6>:0 
UnityEngine.Camera:Render(Camera)
UnityEditor.PreviewRenderUtility:Render(Boolean, Boolean)
UnityEditor.GameObjectInspector:DoRenderPreview(PreviewData)
UnityEditor.GameObjectInspector:RenderStaticPreview(String, Object[], Int32, Int32)
UnityEditor.AssetPreviewUpdater:CreatePreview(Object, Object[], String, Int32, Int32)
UnityEditor.AssetPreviewUpdater:CreatePreviewForAsset(Object, Object[], String)

(Filename: Library/PackageCache/com.unity.render-pipelines.core@13.1.8/Runtime/Textures/RTHandleSystem.cs Line: 490)

The tree tree02 must use the Nature/Soft Occlusion shader. Otherwise billboarding/lighting will not work correctly.
The tree tree03 must use the Nature/Soft Occlusion shader. Otherwise billboarding/lighting will not work correctly.
The tree tree04 must use the Nature/Soft Occlusion shader. Otherwise billboarding/lighting will not work correctly.
The tree bush04 must use the Nature/Soft Occlusion shader. Otherwise billboarding/lighting will not work correctly.
The tree bush05 must use the Nature/Soft Occlusion shader. Otherwise billboarding/lighting will not work correctly.
The tree bush06 must use the Nature/Soft Occlusion shader. Otherwise billboarding/lighting will not work correctly.
 -> (artifact id: '2549956d2fca4221fe697f61c25b8e98') in 3.137666 seconds 
========================================================================
Received Import Request.
  Time since last request: 0.000046 seconds.
  path: Assets/TerrainData_2ee35f0c-92e0-4bb9-b3e2-525d575e64a2.asset
  artifactKey: Guid(97045397f11c7984c89e9fa7a2d126cc) Importer(815301076,1909f56bfc062723c751e8b465ee728b)
Start importing Assets/TerrainData_2ee35f0c-92e0-4bb9-b3e2-525d575e64a2.asset using Guid(97045397f11c7984c89e9fa7a2d126cc) Importer(815301076,1909f56bfc062723c751e8b465ee728b)  -> (artifact id: 'cef064f9ffba58e279aeff82600c07fd') in 0.109311 seconds 
========================================================================
Received Import Request.
  Time since last request: 0.000052 seconds.
  path: Assets/New Terrain.asset
  artifactKey: Guid(0aa117d763bffb04d8ec2d52a735430b) Importer(815301076,1909f56bfc062723c751e8b465ee728b)
Start importing Assets/New Terrain.asset using Guid(0aa117d763bffb04d8ec2d52a735430b) Importer(815301076,1909f56bfc062723c751e8b465ee728b)  -> (artifact id: '6cf4728c465e1b5b416455f1843534dc') in 0.191811 seconds 
========================================================================
Received Import Request.
  Time since last request: 0.000052 seconds.
  path: Assets/TerrainData_89ef6e3c-25e7-4611-96f0-612f2c55e21a.asset
  artifactKey: Guid(ba7161390aec0d842b4c683dfcc369e7) Importer(815301076,1909f56bfc062723c751e8b465ee728b)
Start importing Assets/TerrainData_89ef6e3c-25e7-4611-96f0-612f2c55e21a.asset using Guid(ba7161390aec0d842b4c683dfcc369e7) Importer(815301076,1909f56bfc062723c751e8b465ee728b)  -> (artifact id: '625dd0d8ee6d64264c9928e13ce135e7') in 0.148854 seconds 
========================================================================
Received Import Request.
  Time since last request: 0.000154 seconds.
  path: Assets/TerrainData_295fcad9-8f5f-4b06-8010-547af428d0fc.asset
  artifactKey: Guid(d95bc597f1502184d9ca02904b1a02ef) Importer(815301076,1909f56bfc062723c751e8b465ee728b)
Start importing Assets/TerrainData_295fcad9-8f5f-4b06-8010-547af428d0fc.asset using Guid(d95bc597f1502184d9ca02904b1a02ef) Importer(815301076,1909f56bfc062723c751e8b465ee728b)  -> (artifact id: 'bd6063807111557b06f5f320fddd2043') in 0.189421 seconds 
========================================================================
Received Import Request.
  Time since last request: 0.000045 seconds.
  path: Assets/TerrainData_6c9f1b41-d1a0-4027-801f-8029d1a4ee6d.asset
  artifactKey: Guid(fc9c0e1eed78d5f419e7e3e99f4a9c0f) Importer(815301076,1909f56bfc062723c751e8b465ee728b)
Start importing Assets/TerrainData_6c9f1b41-d1a0-4027-801f-8029d1a4ee6d.asset using Guid(fc9c0e1eed78d5f419e7e3e99f4a9c0f) Importer(815301076,1909f56bfc062723c751e8b465ee728b)  -> (artifact id: 'd6453d7397e2dcf6d43fe629c40abc4e') in 0.545925 seconds 
========================================================================
Received Import Request.
  Time since last request: 0.000056 seconds.
  path: Assets/New Terrain 3.asset
  artifactKey: Guid(7c2b35fe47d799248b2e48d5c9f6e095) Importer(815301076,1909f56bfc062723c751e8b465ee728b)
Start importing Assets/New Terrain 3.asset using Guid(7c2b35fe47d799248b2e48d5c9f6e095) Importer(815301076,1909f56bfc062723c751e8b465ee728b)  -> (artifact id: '318326bf75948c94a0e88c4232bb0f9f') in 0.043704 seconds 
========================================================================
Received Import Request.
  Time since last request: 0.000038 seconds.
  path: Assets/TerrainData_3d536912-ecce-4445-a868-c4ea823f5b60.asset
  artifactKey: Guid(821c8341984f95144b16a75668a85312) Importer(815301076,1909f56bfc062723c751e8b465ee728b)
Start importing Assets/TerrainData_3d536912-ecce-4445-a868-c4ea823f5b60.asset using Guid(821c8341984f95144b16a75668a85312) Importer(815301076,1909f56bfc062723c751e8b465ee728b)  -> (artifact id: '625a4c9230bde1866936c3aeeef710c4') in 0.167487 seconds 
========================================================================
Received Import Request.
  Time since last request: 0.000043 seconds.
  path: Assets/TerrainData_76e8a66b-204e-4819-b0a2-1eb339071e0b.asset
  artifactKey: Guid(11a9f95f757b5804f8280444171c07f2) Importer(815301076,1909f56bfc062723c751e8b465ee728b)
Start importing Assets/TerrainData_76e8a66b-204e-4819-b0a2-1eb339071e0b.asset using Guid(11a9f95f757b5804f8280444171c07f2) Importer(815301076,1909f56bfc062723c751e8b465ee728b)  -> (artifact id: '5370fcf8b0bf69c62ec527c1878cfd0e') in 0.157599 seconds 
========================================================================
Received Import Request.
  Time since last request: 0.000073 seconds.
  path: Assets/TerrainData_89c111a7-41fe-4065-a478-c1fc14694fdf.asset
  artifactKey: Guid(0adbf1befa4551d47be27d6b354068f0) Importer(815301076,1909f56bfc062723c751e8b465ee728b)
Start importing Assets/TerrainData_89c111a7-41fe-4065-a478-c1fc14694fdf.asset using Guid(0adbf1befa4551d47be27d6b354068f0) Importer(815301076,1909f56bfc062723c751e8b465ee728b)  -> (artifact id: '353e7a711ddfeb70f71dfc3a3b872e8c') in 0.176027 seconds 
========================================================================
Received Import Request.
  Time since last request: 0.000055 seconds.
  path: Assets/New Terrain 1.asset
  artifactKey: Guid(8a31efcdce84abe44967e63e2c17889b) Importer(815301076,1909f56bfc062723c751e8b465ee728b)
Start importing Assets/New Terrain 1.asset using Guid(8a31efcdce84abe44967e63e2c17889b) Importer(815301076,1909f56bfc062723c751e8b465ee728b)  -> (artifact id: '3f926e7624bf09e190cb90aea24cca6f') in 0.074943 seconds 
========================================================================
Received Import Request.
  Time since last request: 0.000060 seconds.
  path: Assets/Main.mixer
  artifactKey: Guid(8566f6d670d215e42a8c7d89ba59796a) Importer(815301076,1909f56bfc062723c751e8b465ee728b)
Start importing Assets/Main.mixer using Guid(8566f6d670d215e42a8c7d89ba59796a) Importer(815301076,1909f56bfc062723c751e8b465ee728b)  -> (artifact id: '9c36fdf199b174da2b56b923f91e69e9') in 0.039141 seconds 
========================================================================
Received Import Request.
  Time since last request: 0.000044 seconds.
  path: Assets/TerrainData_21f6b57d-7b4d-4c66-ab94-d0c4b26eae94.asset
  artifactKey: Guid(05dbd4dd8fdf8e648a0a28d364c22fd0) Importer(815301076,1909f56bfc062723c751e8b465ee728b)
Start importing Assets/TerrainData_21f6b57d-7b4d-4c66-ab94-d0c4b26eae94.asset using Guid(05dbd4dd8fdf8e648a0a28d364c22fd0) Importer(815301076,1909f56bfc062723c751e8b465ee728b)  -> (artifact id: 'b9985fc898d2d8585dc206906d2bf5c4') in 0.062553 seconds 
========================================================================
Received Import Request.
  Time since last request: 0.000038 seconds.
  path: Assets/Scenes/TerrainMaker.unity
  artifactKey: Guid(85b80dc7a2776994f87153ea3f598f30) Importer(815301076,1909f56bfc062723c751e8b465ee728b)
Start importing Assets/Scenes/TerrainMaker.unity using Guid(85b80dc7a2776994f87153ea3f598f30) Importer(815301076,1909f56bfc062723c751e8b465ee728b)  -> (artifact id: '70c2a1badbd02cafb39ea7cceedf224b') in 0.019898 seconds 
========================================================================
Received Import Request.
  Time since last request: 0.000050 seconds.
  path: Assets/TerrainData_039ab2a9-786a-428d-bf49-6db6914198c7.asset
  artifactKey: Guid(a615f459824c80f4fa9c0dbb404cbac3) Importer(815301076,1909f56bfc062723c751e8b465ee728b)
Start importing Assets/TerrainData_039ab2a9-786a-428d-bf49-6db6914198c7.asset using Guid(a615f459824c80f4fa9c0dbb404cbac3) Importer(815301076,1909f56bfc062723c751e8b465ee728b)  -> (artifact id: 'cc0421445755ebda214587e21b72c186') in 0.064642 seconds 
========================================================================
Received Import Request.
  Time since last request: 0.000097 seconds.
  path: Assets/New Terrain 5.asset
  artifactKey: Guid(bd6c85bf709a6af4d94e27d84c725c77) Importer(815301076,1909f56bfc062723c751e8b465ee728b)
Start importing Assets/New Terrain 5.asset using Guid(bd6c85bf709a6af4d94e27d84c725c77) Importer(815301076,1909f56bfc062723c751e8b465ee728b) The tree bush01 must use the Nature/Soft Occlusion shader. Otherwise billboarding/lighting will not work correctly.
The tree bush02 must use the Nature/Soft Occlusion shader. Otherwise billboarding/lighting will not work correctly.
The tree bush03 must use the Nature/Soft Occlusion shader. Otherwise billboarding/lighting will not work correctly.
The tree tree04 must use the Nature/Soft Occlusion shader. Otherwise billboarding/lighting will not work correctly.
The tree tree03 must use the Nature/Soft Occlusion shader. Otherwise billboarding/lighting will not work correctly.
The tree tree02 must use the Nature/Soft Occlusion shader. Otherwise billboarding/lighting will not work correctly.
 -> (artifact id: 'dab8c13eac80cf3188f79a357ece5aca') in 0.359104 seconds 
